android-app/app/build/intermediates/manifest_merge_blame_file/debug/processDebugMainManifest/manifest-merger-blame-debug-report.txt
1<?xml version="1.0" encoding="utf-8"?>
2<manifest xmlns:android="http://schemas.android.com/apk/res/android"
3    package="com.civicreport"
4    android:versionCode="1"
5    android:versionName="1.0" >
6
7    <uses-sdk
8        android:minSdkVersion="26"
9        android:targetSdkVersion="34" />
10
11    <!-- Permissions -->
12    <uses-permission android:name="android.permission.INTERNET" />
12-->src\main\AndroidManifest.xml:6:5-67
12-->src\main\AndroidManifest.xml:6:22-64
13    <uses-permission android:name="android.permission.ACCESS_NETWORK_STATE" />
13-->src\main\AndroidManifest.xml:7:5-79
13-->src\main\AndroidManifest.xml:7:22-76
14    <uses-permission android:name="android.permission.ACCESS_FINE_LOCATION" />
14-->src\main\AndroidManifest.xml:8:5-79
14-->src\main\AndroidManifest.xml:8:22-76
15    <uses-permission android:name="android.permission.ACCESS_COARSE_LOCATION" />
15-->src\main\AndroidManifest.xml:9:5-81
15-->src\main\AndroidManifest.xml:9:22-78
16    <uses-permission android:name="android.permission.CAMERA" />
16-->src\main\AndroidManifest.xml:10:5-65
16-->src\main\AndroidManifest.xml:10:22-62
17    <uses-permission android:name="android.permission.RECORD_AUDIO" />
17-->src\main\AndroidManifest.xml:11:5-71
17-->src\main\AndroidManifest.xml:11:22-68
18    <uses-permission
18-->src\main\AndroidManifest.xml:12:5-13:38
19        android:name="android.permission.READ_EXTERNAL_STORAGE"
19-->src\main\AndroidManifest.xml:12:22-77
20        android:maxSdkVersion="32" />
20-->src\main\AndroidManifest.xml:13:9-35
21    <uses-permission android:name="android.permission.READ_MEDIA_IMAGES" />
21-->src\main\AndroidManifest.xml:14:5-76
21-->src\main\AndroidManifest.xml:14:22-73
22
23    <uses-feature
23-->src\main\AndroidManifest.xml:16:5-85
24        android:name="android.hardware.camera"
24-->src\main\AndroidManifest.xml:16:19-57
25        android:required="false" />
25-->src\main\AndroidManifest.xml:16:58-82
26    <uses-feature
26-->src\main\AndroidManifest.xml:17:5-91
27        android:name="android.hardware.location.gps"
27-->src\main\AndroidManifest.xml:17:19-63
28        android:required="false" />
28-->src\main\AndroidManifest.xml:17:64-88
29
30    <permission
30-->[androidx.core:core:1.15.0] AndroidManifest.xml:22:5-24:47
31        android:name="com.civicreport.DYNAMIC_RECEIVER_NOT_EXPORTED_PERMISSION"
31-->[androidx.core:core:1.15.0] AndroidManifest.xml:23:9-81
32        android:protectionLevel="signature" />
32-->[androidx.core:core:1.15.0] AndroidManifest.xml:24:9-44
33
34    <uses-permission android:name="com.civicreport.DYNAMIC_RECEIVER_NOT_EXPORTED_PERMISSION" />
34-->[androidx.core:core:1.15.0] AndroidManifest.xml:26:5-97
34-->[androidx.core:core:1.15.0] AndroidManifest.xml:26:22-94
35
36    <application
36-->src\main\AndroidManifest.xml:19:5-52:19
37        android:name="com.civicreport.CivicReportApp"
37-->src\main\AndroidManifest.xml:20:9-39
38        android:allowBackup="true"
38-->src\main\AndroidManifest.xml:21:9-35
39        android:appComponentFactory="androidx.core.app.CoreComponentFactory"
39-->[androidx.core:core:1.15.0] AndroidManifest.xml:28:18-86
40        android:dataExtractionRules="@xml/data_extraction_rules"
40-->src\main\AndroidManifest.xml:22:9-65
41        android:debuggable="true"
42        android:extractNativeLibs="false"
43        android:fullBackupContent="@xml/backup_rules"
43-->src\main\AndroidManifest.xml:23:9-54
44        android:icon="@mipmap/ic_launcher"
44-->src\main\AndroidManifest.xml:24:9-43
45        android:label="@string/app_name"
45-->src\main\AndroidManifest.xml:25:9-41
46        android:roundIcon="@mipmap/ic_launcher_round"
46-->src\main\AndroidManifest.xml:26:9-54
47        android:supportsRtl="true"
47-->src\main\AndroidManifest.xml:27:9-35
48        android:testOnly="true"
49        android:theme="@style/Theme.CivicReport"
49-->src\main\AndroidManifest.xml:28:9-49
50        android:usesCleartextTraffic="true" >
50-->src\main\AndroidManifest.xml:29:9-44
51        <activity
51-->src\main\AndroidManifest.xml:32:9-41:20
52            android:name="com.civicreport.MainActivity"
52-->src\main\AndroidManifest.xml:33:13-41
53            android:exported="true"
53-->src\main\AndroidManifest.xml:34:13-36
54            android:label="@string/app_name"
54-->src\main\AndroidManifest.xml:35:13-45
55            android:theme="@style/Theme.CivicReport" >
55-->src\main\AndroidManifest.xml:36:13-53
56            <intent-filter>
56-->src\main\AndroidManifest.xml:37:13-40:29
57                <action android:name="android.intent.action.MAIN" />
57-->src\main\AndroidManifest.xml:38:17-69
57-->src\main\AndroidManifest.xml:38:25-66
58
59                <category android:name="android.intent.category.LAUNCHER" />
59-->src\main\AndroidManifest.xml:39:17-77
59-->src\main\AndroidManifest.xml:39:27-74
60            </intent-filter>
61        </activity>
62
63        <provider
64            android:name="androidx.core.content.FileProvider"
64-->src\main\AndroidManifest.xml:44:13-62
65            android:authorities="com.civicreport.fileprovider"
65-->src\main\AndroidManifest.xml:45:13-64
66            android:exported="false"
66-->src\main\AndroidManifest.xml:46:13-37
67            android:grantUriPermissions="true" >
67-->src\main\AndroidManifest.xml:47:13-47
68            <meta-data
68-->src\main\AndroidManifest.xml:48:13-50:54
69                android:name="android.support.FILE_PROVIDER_PATHS"
69-->src\main\AndroidManifest.xml:49:17-67
70                android:resource="@xml/file_paths" />
70-->src\main\AndroidManifest.xml:50:17-51
71        </provider>
72
73        <activity
73-->[com.google.android.gms:play-services-base:18.5.0] AndroidManifest.xml:5:9-173
74            android:name="com.google.android.gms.common.api.GoogleApiActivity"
74-->[com.google.android.gms:play-services-base:18.5.0] AndroidManifest.xml:5:19-85
75            android:exported="false"
75-->[com.google.android.gms:play-services-base:18.5.0] AndroidManifest.xml:5:146-170
76            android:theme="@android:style/Theme.Translucent.NoTitleBar" />
76-->[com.google.android.gms:play-services-base:18.5.0] AndroidManifest.xml:5:86-145
77
78        <meta-data
78-->[com.google.android.gms:play-services-basement:18.4.0] AndroidManifest.xml:6:9-122
79            android:name="com.google.android.gms.version"
79-->[com.google.android.gms:play-services-basement:18.4.0] AndroidManifest.xml:6:20-65
80            android:value="@integer/google_play_services_version" />
80-->[com.google.android.gms:play-services-basement:18.4.0] AndroidManifest.xml:6:66-119
81
82        <activity
82-->[androidx.compose.ui:ui-tooling-android:1.7.6] AndroidManifest.xml:23:9-25:39
83            android:name="androidx.compose.ui.tooling.PreviewActivity"
83-->[androidx.compose.ui:ui-tooling-android:1.7.6] AndroidManifest.xml:24:13-71
84            android:exported="true" />
84-->[androidx.compose.ui:ui-tooling-android:1.7.6] AndroidManifest.xml:25:13-36
85        <activity
85-->[androidx.compose.ui:ui-test-manifest:1.7.6] AndroidManifest.xml:23:9-25:39
86            android:name="androidx.activity.ComponentActivity"
86-->[androidx.compose.ui:ui-test-manifest:1.7.6] AndroidManifest.xml:24:13-63
87            android:exported="true" />
87-->[androidx.compose.ui:ui-test-manifest:1.7.6] AndroidManifest.xml:25:13-36
88
89        <provider
89-->[androidx.emoji2:emoji2:1.3.0] AndroidManifest.xml:24:9-32:20
90            android:name="androidx.startup.InitializationProvider"
90-->[androidx.emoji2:emoji2:1.3.0] AndroidManifest.xml:25:13-67
91            android:authorities="com.civicreport.androidx-startup"
91-->[androidx.emoji2:emoji2:1.3.0] AndroidManifest.xml:26:13-68
92            android:exported="false" >
92-->[androidx.emoji2:emoji2:1.3.0] AndroidManifest.xml:27:13-37
93            <meta-data
93-->[androidx.emoji2:emoji2:1.3.0] AndroidManifest.xml:29:13-31:52
94                android:name="androidx.emoji2.text.EmojiCompatInitializer"
94-->[androidx.emoji2:emoji2:1.3.0] AndroidManifest.xml:30:17-75
95                android:value="androidx.startup" />
95-->[androidx.emoji2:emoji2:1.3.0] AndroidManifest.xml:31:17-49
96            <meta-data
96-->[androidx.lifecycle:lifecycle-process:2.8.7] AndroidManifest.xml:29:13-31:52
97                android:name="androidx.lifecycle.ProcessLifecycleInitializer"
97-->[androidx.lifecycle:lifecycle-process:2.8.7] AndroidManifest.xml:30:17-78
98                android:value="androidx.startup" />
98-->[androidx.lifecycle:lifecycle-process:2.8.7] AndroidManifest.xml:31:17-49
99            <meta-data
99-->[androidx.profileinstaller:profileinstaller:1.3.1] AndroidManifest.xml:29:13-31:52
100                android:name="androidx.profileinstaller.ProfileInstallerInitializer"
100-->[androidx.profileinstaller:profileinstaller:1.3.1] AndroidManifest.xml:30:17-85
101                android:value="androidx.startup" />
101-->[androidx.profileinstaller:profileinstaller:1.3.1] AndroidManifest.xml:31:17-49
102        </provider>
103
104        <service
104-->[androidx.room:room-runtime:2.6.1] AndroidManifest.xml:24:9-28:63
105            android:name="androidx.room.MultiInstanceInvalidationService"
105-->[androidx.room:room-runtime:2.6.1] AndroidManifest.xml:25:13-74
106            android:directBootAware="true"
106-->[androidx.room:room-runtime:2.6.1] AndroidManifest.xml:26:13-43
107            android:exported="false" />
107-->[androidx.room:room-runtime:2.6.1] AndroidManifest.xml:27:13-37
108
109        <receiver
109-->[androidx.profileinstaller:profileinstaller:1.3.1] AndroidManifest.xml:34:9-52:20
110            android:name="androidx.profileinstaller.ProfileInstallReceiver"
110-->[androidx.profileinstaller:profileinstaller:1.3.1] AndroidManifest.xml:35:13-76
111            android:directBootAware="false"
111-->[androidx.profileinstaller:profileinstaller:1.3.1] AndroidManifest.xml:36:13-44
112            android:enabled="true"
112-->[androidx.profileinstaller:profileinstaller:1.3.1] AndroidManifest.xml:37:13-35
113            android:exported="true"
113-->[androidx.profileinstaller:profileinstaller:1.3.1] AndroidManifest.xml:38:13-36
114            android:permission="android.permission.DUMP" >
114-->[androidx.profileinstaller:profileinstaller:1.3.1] AndroidManifest.xml:39:13-57
115            <intent-filter>
115-->[androidx.profileinstaller:profileinstaller:1.3.1] AndroidManifest.xml:40:13-42:29
116                <action android:name="androidx.profileinstaller.action.INSTALL_PROFILE" />
116-->[androidx.profileinstaller:profileinstaller:1.3.1] AndroidManifest.xml:41:17-91
116-->[androidx.profileinstaller:profileinstaller:1.3.1] AndroidManifest.xml:41:25-88
117            </intent-filter>
118            <intent-filter>
118-->[androidx.profileinstaller:profileinstaller:1.3.1] AndroidManifest.xml:43:13-45:29
119                <action android:name="androidx.profileinstaller.action.SKIP_FILE" />
119-->[androidx.profileinstaller:profileinstaller:1.3.1] AndroidManifest.xml:44:17-85
119-->[androidx.profileinstaller:profileinstaller:1.3.1] AndroidManifest.xml:44:25-82
120            </intent-filter>
121            <intent-filter>
121-->[androidx.profileinstaller:profileinstaller:1.3.1] AndroidManifest.xml:46:13-48:29
122                <action android:name="androidx.profileinstaller.action.SAVE_PROFILE" />
122-->[androidx.profileinstaller:profileinstaller:1.3.1] AndroidManifest.xml:47:17-88
122-->[androidx.profileinstaller:profileinstaller:1.3.1] AndroidManifest.xml:47:25-85
123            </intent-filter>
124            <intent-filter>
124-->[androidx.profileinstaller:profileinstaller:1.3.1] AndroidManifest.xml:49:13-51:29
125                <action android:name="androidx.profileinstaller.action.BENCHMARK_OPERATION" />
125-->[androidx.profileinstaller:profileinstaller:1.3.1] AndroidManifest.xml:50:17-95
125-->[androidx.profileinstaller:profileinstaller:1.3.1] AndroidManifest.xml:50:25-92
126            </intent-filter>
127        </receiver>
128    </application>
129
130</manifest>